2014-01-17 02:44:44.823+0000 INFO  [o.n.k.i.DiagnosticsManager]: --- INITIALIZED diagnostics START ---
2014-01-17 02:44:44.825+0000 INFO  [o.n.k.i.DiagnosticsManager]: Neo4j Kernel properties:
2014-01-17 02:44:44.828+0000 INFO  [o.n.k.i.DiagnosticsManager]: neostore.propertystore.db.mapped_memory=157M
2014-01-17 02:44:44.828+0000 INFO  [o.n.k.i.DiagnosticsManager]: neostore.nodestore.db.mapped_memory=43M
2014-01-17 02:44:44.828+0000 INFO  [o.n.k.i.DiagnosticsManager]: neostore.relationshipstore.db.mapped_memory=193M
2014-01-17 02:44:44.828+0000 INFO  [o.n.k.i.DiagnosticsManager]: neostore.propertystore.db.strings.mapped_memory=134M
2014-01-17 02:44:44.828+0000 INFO  [o.n.k.i.DiagnosticsManager]: store_dir=accessingdataneo4j.db
2014-01-17 02:44:44.828+0000 INFO  [o.n.k.i.DiagnosticsManager]: neostore.propertystore.db.arrays.mapped_memory=152M
2014-01-17 02:44:44.835+0000 INFO  [o.n.k.i.DiagnosticsManager]: Diagnostics providers:
2014-01-17 02:44:44.836+0000 INFO  [o.n.k.i.DiagnosticsManager]: org.neo4j.kernel.configuration.Config
2014-01-17 02:44:44.836+0000 INFO  [o.n.k.i.DiagnosticsManager]: org.neo4j.kernel.info.DiagnosticsManager
2014-01-17 02:44:44.836+0000 INFO  [o.n.k.i.DiagnosticsManager]: SYSTEM_MEMORY
2014-01-17 02:44:44.836+0000 INFO  [o.n.k.i.DiagnosticsManager]: JAVA_MEMORY
2014-01-17 02:44:44.836+0000 INFO  [o.n.k.i.DiagnosticsManager]: OPERATING_SYSTEM
2014-01-17 02:44:44.836+0000 INFO  [o.n.k.i.DiagnosticsManager]: JAVA_VIRTUAL_MACHINE
2014-01-17 02:44:44.836+0000 INFO  [o.n.k.i.DiagnosticsManager]: CLASSPATH
2014-01-17 02:44:44.836+0000 INFO  [o.n.k.i.DiagnosticsManager]: LIBRARY_PATH
2014-01-17 02:44:44.836+0000 INFO  [o.n.k.i.DiagnosticsManager]: SYSTEM_PROPERTIES
2014-01-17 02:44:44.836+0000 INFO  [o.n.k.i.DiagnosticsManager]: LINUX_SCHEDULERS
2014-01-17 02:44:44.836+0000 INFO  [o.n.k.i.DiagnosticsManager]: NETWORK
2014-01-17 02:44:44.837+0000 INFO  [o.n.k.i.DiagnosticsManager]: System memory information:
2014-01-17 02:44:44.842+0000 INFO  [o.n.k.i.DiagnosticsManager]: Total Physical memory: 1.95 GB
2014-01-17 02:44:44.843+0000 INFO  [o.n.k.i.DiagnosticsManager]: Free Physical memory: 114.16 MB
2014-01-17 02:44:44.843+0000 INFO  [o.n.k.i.DiagnosticsManager]: Committed virtual memory: 1.19 GB
2014-01-17 02:44:44.843+0000 INFO  [o.n.k.i.DiagnosticsManager]: Total swap space: 2.00 GB
2014-01-17 02:44:44.844+0000 INFO  [o.n.k.i.DiagnosticsManager]: Free swap space: 1.99 GB
2014-01-17 02:44:44.848+0000 INFO  [o.n.k.i.DiagnosticsManager]: JVM memory information:
2014-01-17 02:44:44.848+0000 INFO  [o.n.k.i.DiagnosticsManager]: Free  memory: 19.24 MB
2014-01-17 02:44:44.848+0000 INFO  [o.n.k.i.DiagnosticsManager]: Total memory: 30.25 MB
2014-01-17 02:44:44.849+0000 INFO  [o.n.k.i.DiagnosticsManager]: Max   memory: 483.38 MB
2014-01-17 02:44:44.851+0000 INFO  [o.n.k.i.DiagnosticsManager]: Garbage Collector: Copy: [Eden Space, Survivor Space]
2014-01-17 02:44:44.851+0000 INFO  [o.n.k.i.DiagnosticsManager]: Garbage Collector: MarkSweepCompact: [Eden Space, Survivor Space, Tenured Gen, Perm Gen]
2014-01-17 02:44:44.852+0000 INFO  [o.n.k.i.DiagnosticsManager]: Memory Pool: Code Cache (Non-heap memory): committed=2.44 MB, used=1.09 MB, max=48.00 MB, threshold=0.00 B
2014-01-17 02:44:44.852+0000 INFO  [o.n.k.i.DiagnosticsManager]: Memory Pool: Eden Space (Heap memory): committed=8.38 MB, used=1.67 MB, max=133.38 MB, threshold=?
2014-01-17 02:44:44.853+0000 INFO  [o.n.k.i.DiagnosticsManager]: Memory Pool: Survivor Space (Heap memory): committed=1.00 MB, used=603.99 kB, max=16.63 MB, threshold=?
2014-01-17 02:44:44.853+0000 INFO  [o.n.k.i.DiagnosticsManager]: Memory Pool: Tenured Gen (Heap memory): committed=20.88 MB, used=8.75 MB, max=333.38 MB, threshold=0.00 B
2014-01-17 02:44:44.854+0000 INFO  [o.n.k.i.DiagnosticsManager]: Memory Pool: Perm Gen (Non-heap memory): committed=20.75 MB, used=12.88 MB, max=82.00 MB, threshold=0.00 B
2014-01-17 02:44:44.854+0000 INFO  [o.n.k.i.DiagnosticsManager]: Operating system information:
2014-01-17 02:44:44.854+0000 INFO  [o.n.k.i.DiagnosticsManager]: Operating System: Linux; version: 3.11.0-12-generic; arch: amd64; cpus: 1
2014-01-17 02:44:44.855+0000 INFO  [o.n.k.i.DiagnosticsManager]: Max number of file descriptors: 4096
2014-01-17 02:44:44.855+0000 INFO  [o.n.k.i.DiagnosticsManager]: Number of open file descriptors: 9
2014-01-17 02:44:44.855+0000 INFO  [o.n.k.i.DiagnosticsManager]: Process id: 7415@ubuntu
2014-01-17 02:44:44.855+0000 INFO  [o.n.k.i.DiagnosticsManager]: Byte order: LITTLE_ENDIAN
2014-01-17 02:44:44.855+0000 INFO  [o.n.k.i.DiagnosticsManager]: Local timezone: America/Los_Angeles
2014-01-17 02:44:44.855+0000 INFO  [o.n.k.i.DiagnosticsManager]: JVM information:
2014-01-17 02:44:44.856+0000 INFO  [o.n.k.i.DiagnosticsManager]: VM Name: Java HotSpot(TM) 64-Bit Server VM
2014-01-17 02:44:44.856+0000 INFO  [o.n.k.i.DiagnosticsManager]: VM Vendor: Oracle Corporation
2014-01-17 02:44:44.856+0000 INFO  [o.n.k.i.DiagnosticsManager]: VM Version: 24.45-b08
2014-01-17 02:44:44.856+0000 INFO  [o.n.k.i.DiagnosticsManager]: JIT compiler: HotSpot 64-Bit Tiered Compilers
2014-01-17 02:44:44.857+0000 INFO  [o.n.k.i.DiagnosticsManager]: VM Arguments: []
2014-01-17 02:44:44.857+0000 INFO  [o.n.k.i.DiagnosticsManager]: Java classpath:
2014-01-17 02:44:44.858+0000 INFO  [o.n.k.i.DiagnosticsManager]:  [loader.2] file:/usr/lib/jvm/jdk1.7.0_45/jre/lib/ext/zipfs.jar
2014-01-17 02:44:44.858+0000 INFO  [o.n.k.i.DiagnosticsManager]:  [classpath + loader.1] file:/home/juanma/dev/neo4j/hello/target/gs-accessing-data-neo4j-0.1.0.jar
2014-01-17 02:44:44.858+0000 INFO  [o.n.k.i.DiagnosticsManager]:  [bootstrap] /usr/lib/jvm/jdk1.7.0_45/jre/lib/rt.jar
2014-01-17 02:44:44.858+0000 INFO  [o.n.k.i.DiagnosticsManager]:  [bootstrap] /usr/lib/jvm/jdk1.7.0_45/jre/lib/jce.jar
2014-01-17 02:44:44.858+0000 INFO  [o.n.k.i.DiagnosticsManager]:  [bootstrap] /usr/lib/jvm/jdk1.7.0_45/jre/lib/charsets.jar
2014-01-17 02:44:44.858+0000 INFO  [o.n.k.i.DiagnosticsManager]:  [bootstrap] /usr/lib/jvm/jdk1.7.0_45/jre/lib/sunrsasign.jar
2014-01-17 02:44:44.858+0000 INFO  [o.n.k.i.DiagnosticsManager]:  [loader.2] file:/usr/lib/jvm/jdk1.7.0_45/jre/lib/ext/sunec.jar
2014-01-17 02:44:44.858+0000 INFO  [o.n.k.i.DiagnosticsManager]:  [bootstrap] /usr/lib/jvm/jdk1.7.0_45/jre/lib/resources.jar
2014-01-17 02:44:44.858+0000 INFO  [o.n.k.i.DiagnosticsManager]:  [loader.2] file:/usr/lib/jvm/jdk1.7.0_45/jre/lib/ext/localedata.jar
2014-01-17 02:44:44.858+0000 INFO  [o.n.k.i.DiagnosticsManager]:  [loader.2] file:/usr/lib/jvm/jdk1.7.0_45/jre/lib/ext/dnsns.jar
2014-01-17 02:44:44.858+0000 INFO  [o.n.k.i.DiagnosticsManager]:  [bootstrap] /usr/lib/jvm/jdk1.7.0_45/jre/classes
2014-01-17 02:44:44.858+0000 INFO  [o.n.k.i.DiagnosticsManager]:  [loader.2] file:/usr/lib/jvm/jdk1.7.0_45/jre/lib/ext/sunpkcs11.jar
2014-01-17 02:44:44.858+0000 INFO  [o.n.k.i.DiagnosticsManager]:  [bootstrap] /usr/lib/jvm/jdk1.7.0_45/jre/lib/jsse.jar
2014-01-17 02:44:44.858+0000 INFO  [o.n.k.i.DiagnosticsManager]:  [bootstrap] /usr/lib/jvm/jdk1.7.0_45/jre/lib/jfr.jar
2014-01-17 02:44:44.858+0000 INFO  [o.n.k.i.DiagnosticsManager]:  [loader.2] file:/usr/lib/jvm/jdk1.7.0_45/jre/lib/ext/sunjce_provider.jar
2014-01-17 02:44:44.858+0000 INFO  [o.n.k.i.DiagnosticsManager]: Library path:
2014-01-17 02:44:44.859+0000 INFO  [o.n.k.i.DiagnosticsManager]: /usr/java/packages/lib/amd64
2014-01-17 02:44:44.859+0000 INFO  [o.n.k.i.DiagnosticsManager]: /usr/lib64
2014-01-17 02:44:44.859+0000 INFO  [o.n.k.i.DiagnosticsManager]: /lib64
2014-01-17 02:44:44.859+0000 INFO  [o.n.k.i.DiagnosticsManager]: /lib
2014-01-17 02:44:44.859+0000 INFO  [o.n.k.i.DiagnosticsManager]: /usr/lib
2014-01-17 02:44:44.859+0000 INFO  [o.n.k.i.DiagnosticsManager]: System.properties:
2014-01-17 02:44:44.859+0000 INFO  [o.n.k.i.DiagnosticsManager]: sun.boot.library.path = /usr/lib/jvm/jdk1.7.0_45/jre/lib/amd64
2014-01-17 02:44:44.859+0000 INFO  [o.n.k.i.DiagnosticsManager]: path.separator = :
2014-01-17 02:44:44.859+0000 INFO  [o.n.k.i.DiagnosticsManager]: file.encoding.pkg = sun.io
2014-01-17 02:44:44.859+0000 INFO  [o.n.k.i.DiagnosticsManager]: user.country = US
2014-01-17 02:44:44.859+0000 INFO  [o.n.k.i.DiagnosticsManager]: sun.java.launcher = SUN_STANDARD
2014-01-17 02:44:44.859+0000 INFO  [o.n.k.i.DiagnosticsManager]: sun.os.patch.level = unknown
2014-01-17 02:44:44.860+0000 INFO  [o.n.k.i.DiagnosticsManager]: PID = 7415
2014-01-17 02:44:44.860+0000 INFO  [o.n.k.i.DiagnosticsManager]: user.dir = /home/juanma/dev/neo4j/hello
2014-01-17 02:44:44.860+0000 INFO  [o.n.k.i.DiagnosticsManager]: sun.jnu.encoding = UTF-8
2014-01-17 02:44:44.860+0000 INFO  [o.n.k.i.DiagnosticsManager]: sun.management.compiler = HotSpot 64-Bit Tiered Compilers
2014-01-17 02:44:44.860+0000 INFO  [o.n.k.i.DiagnosticsManager]: user.home = /home/juanma
2014-01-17 02:44:44.860+0000 INFO  [o.n.k.i.DiagnosticsManager]: user.timezone = America/Los_Angeles
2014-01-17 02:44:44.860+0000 INFO  [o.n.k.i.DiagnosticsManager]: file.encoding = UTF-8
2014-01-17 02:44:44.860+0000 INFO  [o.n.k.i.DiagnosticsManager]: user.name = juanma
2014-01-17 02:44:44.860+0000 INFO  [o.n.k.i.DiagnosticsManager]: sun.java.command = target/gs-accessing-data-neo4j-0.1.0.jar
2014-01-17 02:44:44.860+0000 INFO  [o.n.k.i.DiagnosticsManager]: sun.arch.data.model = 64
2014-01-17 02:44:44.860+0000 INFO  [o.n.k.i.DiagnosticsManager]: user.language = en
2014-01-17 02:44:44.860+0000 INFO  [o.n.k.i.DiagnosticsManager]: awt.toolkit = sun.awt.X11.XToolkit
2014-01-17 02:44:44.860+0000 INFO  [o.n.k.i.DiagnosticsManager]: file.separator = /
2014-01-17 02:44:44.860+0000 INFO  [o.n.k.i.DiagnosticsManager]: sun.io.unicode.encoding = UnicodeLittle
2014-01-17 02:44:44.860+0000 INFO  [o.n.k.i.DiagnosticsManager]: sun.cpu.endian = little
2014-01-17 02:44:44.860+0000 INFO  [o.n.k.i.DiagnosticsManager]: sun.cpu.isalist = 
2014-01-17 02:44:44.860+0000 INFO  [o.n.k.i.DiagnosticsManager]: Linux scheduler information:
2014-01-17 02:44:44.862+0000 INFO  [o.n.k.i.DiagnosticsManager]: noop [deadline] cfq 
2014-01-17 02:44:44.863+0000 INFO  [o.n.k.i.DiagnosticsManager]: noop [deadline] cfq 
2014-01-17 02:44:44.863+0000 INFO  [o.n.k.i.DiagnosticsManager]: noop [deadline] cfq 
2014-01-17 02:44:44.863+0000 INFO  [o.n.k.i.DiagnosticsManager]: none
2014-01-17 02:44:44.863+0000 INFO  [o.n.k.i.DiagnosticsManager]: none
2014-01-17 02:44:44.864+0000 INFO  [o.n.k.i.DiagnosticsManager]: none
2014-01-17 02:44:44.864+0000 INFO  [o.n.k.i.DiagnosticsManager]: none
2014-01-17 02:44:44.864+0000 INFO  [o.n.k.i.DiagnosticsManager]: none
2014-01-17 02:44:44.864+0000 INFO  [o.n.k.i.DiagnosticsManager]: none
2014-01-17 02:44:44.865+0000 INFO  [o.n.k.i.DiagnosticsManager]: none
2014-01-17 02:44:44.865+0000 INFO  [o.n.k.i.DiagnosticsManager]: none
2014-01-17 02:44:44.865+0000 INFO  [o.n.k.i.DiagnosticsManager]: none
2014-01-17 02:44:44.865+0000 INFO  [o.n.k.i.DiagnosticsManager]: none
2014-01-17 02:44:44.865+0000 INFO  [o.n.k.i.DiagnosticsManager]: none
2014-01-17 02:44:44.866+0000 INFO  [o.n.k.i.DiagnosticsManager]: none
2014-01-17 02:44:44.866+0000 INFO  [o.n.k.i.DiagnosticsManager]: none
2014-01-17 02:44:44.866+0000 INFO  [o.n.k.i.DiagnosticsManager]: none
2014-01-17 02:44:44.866+0000 INFO  [o.n.k.i.DiagnosticsManager]: none
2014-01-17 02:44:44.866+0000 INFO  [o.n.k.i.DiagnosticsManager]: none
2014-01-17 02:44:44.867+0000 INFO  [o.n.k.i.DiagnosticsManager]: none
2014-01-17 02:44:44.867+0000 INFO  [o.n.k.i.DiagnosticsManager]: none
2014-01-17 02:44:44.867+0000 INFO  [o.n.k.i.DiagnosticsManager]: none
2014-01-17 02:44:44.867+0000 INFO  [o.n.k.i.DiagnosticsManager]: none
2014-01-17 02:44:44.867+0000 INFO  [o.n.k.i.DiagnosticsManager]: none
2014-01-17 02:44:44.868+0000 INFO  [o.n.k.i.DiagnosticsManager]: none
2014-01-17 02:44:44.868+0000 INFO  [o.n.k.i.DiagnosticsManager]: none
2014-01-17 02:44:44.868+0000 INFO  [o.n.k.i.DiagnosticsManager]: none
2014-01-17 02:44:44.868+0000 INFO  [o.n.k.i.DiagnosticsManager]: Network information:
2014-01-17 02:44:44.870+0000 INFO  [o.n.k.i.DiagnosticsManager]: Interface eth0:
2014-01-17 02:44:44.870+0000 INFO  [o.n.k.i.DiagnosticsManager]:     address: fe80:0:0:0:20c:29ff:fe82:84ec%2
2014-01-17 02:44:44.870+0000 INFO  [o.n.k.i.DiagnosticsManager]:     address: 192.168.201.131
2014-01-17 02:44:44.870+0000 INFO  [o.n.k.i.DiagnosticsManager]: Interface lo:
2014-01-17 02:44:44.870+0000 INFO  [o.n.k.i.DiagnosticsManager]:     address: 0:0:0:0:0:0:0:1%1
2014-01-17 02:44:44.870+0000 INFO  [o.n.k.i.DiagnosticsManager]:     address: 127.0.0.1
2014-01-17 02:44:44.870+0000 INFO  [o.n.k.i.DiagnosticsManager]: --- INITIALIZED diagnostics END ---
2014-01-17 02:44:45.076+0000 INFO  [o.n.k.i.n.s.StoreFactory]: Creating new db @ accessingdataneo4j.db/neostore
2014-01-17 02:44:45.150+0000 INFO  [o.n.k.i.n.s.StoreFactory]: [accessingdataneo4j.db/neostore.nodestore.db] brickCount=0 brickSize=450882b mappedMem=45088768b (storeSize=0b)
2014-01-17 02:44:45.223+0000 INFO  [o.n.k.i.n.s.StoreFactory]: accessingdataneo4j.db/neostore.nodestore.db hit=1 miss=0 switches=0 ooe=0
2014-01-17 02:44:45.569+0000 INFO  [o.n.k.i.n.s.StoreFactory]: [accessingdataneo4j.db/neostore.relationshiptypestore.db.names] brickCount=0 brickSize=0b mappedMem=0b (storeSize=38b)
2014-01-17 02:44:45.585+0000 INFO  [o.n.k.i.n.s.StoreFactory]: [accessingdataneo4j.db/neostore.relationshiptypestore.db] brickCount=0 brickSize=0b mappedMem=0b (storeSize=0b)
2014-01-17 02:44:45.591+0000 INFO  [o.n.k.i.n.s.StoreFactory]: accessingdataneo4j.db/neostore.relationshiptypestore.db.names hit=0 miss=0 switches=0 ooe=0
2014-01-17 02:44:45.597+0000 INFO  [o.n.k.i.n.s.StoreFactory]: accessingdataneo4j.db/neostore.relationshiptypestore.db hit=0 miss=0 switches=0 ooe=0
2014-01-17 02:44:45.632+0000 INFO  [o.n.k.i.n.s.StoreFactory]: [accessingdataneo4j.db/neostore.relationshiptypestore.db.names] brickCount=0 brickSize=0b mappedMem=0b (storeSize=38b)
2014-01-17 02:44:45.633+0000 INFO  [o.n.k.i.n.s.StoreFactory]: [accessingdataneo4j.db/neostore.relationshiptypestore.db] brickCount=0 brickSize=0b mappedMem=0b (storeSize=0b)
2014-01-17 02:44:45.634+0000 INFO  [o.n.k.i.n.s.StoreFactory]: [accessingdataneo4j.db/neostore.propertystore.db.strings] brickCount=0 brickSize=140416b mappedMem=140509184b (storeSize=128b)
2014-01-17 02:44:45.635+0000 INFO  [o.n.k.i.n.s.StoreFactory]: [accessingdataneo4j.db/neostore.propertystore.db.index.keys] brickCount=0 brickSize=0b mappedMem=0b (storeSize=38b)
2014-01-17 02:44:45.641+0000 INFO  [o.n.k.i.n.s.StoreFactory]: [accessingdataneo4j.db/neostore.propertystore.db.index] brickCount=0 brickSize=0b mappedMem=0b (storeSize=0b)
2014-01-17 02:44:45.644+0000 INFO  [o.n.k.i.n.s.StoreFactory]: [accessingdataneo4j.db/neostore.propertystore.db.arrays] brickCount=0 brickSize=159360b mappedMem=159383552b (storeSize=128b)
2014-01-17 02:44:45.654+0000 INFO  [o.n.k.i.n.s.StoreFactory]: [accessingdataneo4j.db/neostore.propertystore.db] brickCount=0 brickSize=1646232b mappedMem=164626432b (storeSize=0b)
2014-01-17 02:44:45.659+0000 INFO  [o.n.k.i.n.s.StoreFactory]: [accessingdataneo4j.db/neostore.relationshipstore.db] brickCount=0 brickSize=2023725b mappedMem=202375168b (storeSize=0b)
2014-01-17 02:44:45.660+0000 INFO  [o.n.k.i.n.s.StoreFactory]: [accessingdataneo4j.db/neostore.nodestore.db] brickCount=0 brickSize=45081b mappedMem=45088768b (storeSize=9b)
2014-01-17 02:44:45.662+0000 INFO  [o.n.k.i.n.s.StoreFactory]: [accessingdataneo4j.db/neostore] brickCount=0 brickSize=0b mappedMem=0b (storeSize=0b)
2014-01-17 02:44:45.755+0000 INFO  [o.n.k.i.n.s.StoreFactory]: accessingdataneo4j.db/neostore.relationshiptypestore.db.names hit=0 miss=0 switches=0 ooe=0
2014-01-17 02:44:45.791+0000 INFO  [o.n.k.i.n.s.StoreFactory]: accessingdataneo4j.db/neostore.relationshiptypestore.db hit=0 miss=0 switches=0 ooe=0
2014-01-17 02:44:45.797+0000 INFO  [o.n.k.i.n.s.StoreFactory]: accessingdataneo4j.db/neostore.propertystore.db.strings hit=0 miss=0 switches=0 ooe=0
2014-01-17 02:44:45.801+0000 INFO  [o.n.k.i.n.s.StoreFactory]: accessingdataneo4j.db/neostore.propertystore.db.index.keys hit=0 miss=0 switches=0 ooe=0
2014-01-17 02:44:45.807+0000 INFO  [o.n.k.i.n.s.StoreFactory]: accessingdataneo4j.db/neostore.propertystore.db.index hit=0 miss=0 switches=0 ooe=0
2014-01-17 02:44:45.811+0000 INFO  [o.n.k.i.n.s.StoreFactory]: accessingdataneo4j.db/neostore.propertystore.db.arrays hit=0 miss=0 switches=0 ooe=0
2014-01-17 02:44:45.817+0000 INFO  [o.n.k.i.n.s.StoreFactory]: accessingdataneo4j.db/neostore.propertystore.db hit=0 miss=0 switches=0 ooe=0
2014-01-17 02:44:45.822+0000 INFO  [o.n.k.i.n.s.StoreFactory]: accessingdataneo4j.db/neostore.relationshipstore.db hit=0 miss=0 switches=0 ooe=0
2014-01-17 02:44:45.829+0000 INFO  [o.n.k.i.n.s.StoreFactory]: accessingdataneo4j.db/neostore.nodestore.db hit=0 miss=0 switches=0 ooe=0
2014-01-17 02:44:45.852+0000 INFO  [o.n.k.i.n.s.StoreFactory]: accessingdataneo4j.db/neostore hit=0 miss=8 switches=0 ooe=0
2014-01-17 02:44:45.877+0000 INFO  [o.n.k.i.n.s.StoreFactory]: [accessingdataneo4j.db/neostore.relationshiptypestore.db.names] brickCount=0 brickSize=0b mappedMem=0b (storeSize=38b)
2014-01-17 02:44:45.883+0000 INFO  [o.n.k.i.n.s.StoreFactory]: [accessingdataneo4j.db/neostore.relationshiptypestore.db] brickCount=0 brickSize=0b mappedMem=0b (storeSize=0b)
2014-01-17 02:44:45.893+0000 INFO  [o.n.k.i.n.s.StoreFactory]: [accessingdataneo4j.db/neostore.propertystore.db.strings] brickCount=0 brickSize=140416b mappedMem=140509184b (storeSize=128b)
2014-01-17 02:44:45.894+0000 INFO  [o.n.k.i.n.s.StoreFactory]: [accessingdataneo4j.db/neostore.propertystore.db.index.keys] brickCount=0 brickSize=0b mappedMem=0b (storeSize=38b)
2014-01-17 02:44:45.895+0000 INFO  [o.n.k.i.n.s.StoreFactory]: [accessingdataneo4j.db/neostore.propertystore.db.index] brickCount=0 brickSize=0b mappedMem=0b (storeSize=0b)
2014-01-17 02:44:45.896+0000 INFO  [o.n.k.i.n.s.StoreFactory]: [accessingdataneo4j.db/neostore.propertystore.db.arrays] brickCount=0 brickSize=159360b mappedMem=159383552b (storeSize=128b)
2014-01-17 02:44:45.897+0000 INFO  [o.n.k.i.n.s.StoreFactory]: [accessingdataneo4j.db/neostore.propertystore.db] brickCount=0 brickSize=1646232b mappedMem=164626432b (storeSize=0b)
2014-01-17 02:44:45.905+0000 INFO  [o.n.k.i.n.s.StoreFactory]: [accessingdataneo4j.db/neostore.relationshipstore.db] brickCount=0 brickSize=2023725b mappedMem=202375168b (storeSize=0b)
2014-01-17 02:44:45.906+0000 INFO  [o.n.k.i.n.s.StoreFactory]: [accessingdataneo4j.db/neostore.nodestore.db] brickCount=0 brickSize=45081b mappedMem=45088768b (storeSize=9b)
2014-01-17 02:44:45.910+0000 INFO  [o.n.k.i.n.s.StoreFactory]: [accessingdataneo4j.db/neostore] brickCount=0 brickSize=0b mappedMem=0b (storeSize=54b)
2014-01-17 02:44:46.027+0000 INFO  [o.n.k.i.t.x.XaLogicalLog]: Opened logical log [accessingdataneo4j.db/nioneo_logical.log.1] version=0, lastTxId=1 (clean)
2014-01-17 02:44:46.054+0000 INFO  [o.n.k.i.t.TxManager]: TM new log: tm_tx_log.1
2014-01-17 02:44:46.165+0000 INFO  [o.n.k.i.t.x.XaLogicalLog]: Opened logical log [accessingdataneo4j.db/index/lucene.log.1] version=0, lastTxId=1 (clean)
2014-01-17 02:44:46.181+0000 INFO  [o.n.k.i.DiagnosticsManager]: --- STARTED diagnostics for KernelDiagnostics:Versions START ---
2014-01-17 02:44:46.182+0000 INFO  [o.n.k.i.DiagnosticsManager]: Graph Database: org.neo4j.kernel.EmbeddedGraphDatabase StoreId[time:1389926685077, id:4215428037605680672, store version: 13561656364791302]
2014-01-17 02:44:46.182+0000 INFO  [o.n.k.i.DiagnosticsManager]: Kernel version: Neo4j - Graph Database Kernel 1.9.3
2014-01-17 02:44:46.182+0000 INFO  [o.n.k.i.DiagnosticsManager]: Neo4j component versions:
2014-01-17 02:44:46.186+0000 INFO  [o.n.k.i.DiagnosticsManager]:   Neo4j - Graph Database Kernel 1.9.3
2014-01-17 02:44:46.187+0000 INFO  [o.n.k.i.DiagnosticsManager]: --- STARTED diagnostics for KernelDiagnostics:Versions END ---
2014-01-17 02:44:46.205+0000 INFO  [o.n.k.i.DiagnosticsManager]: --- STARTED diagnostics for NEO_STORE_VERSIONS START ---
2014-01-17 02:44:46.212+0000 INFO  [o.n.k.i.DiagnosticsManager]: Store versions:
2014-01-17 02:44:46.213+0000 INFO  [o.n.k.i.DiagnosticsManager]: Store versions:
2014-01-17 02:44:46.213+0000 INFO  [o.n.k.i.DiagnosticsManager]:   NeoStore v0.A.0
2014-01-17 02:44:46.213+0000 INFO  [o.n.k.i.DiagnosticsManager]:   NodeStore v0.A.0
2014-01-17 02:44:46.213+0000 INFO  [o.n.k.i.DiagnosticsManager]:   RelationshipStore v0.A.0
2014-01-17 02:44:46.214+0000 INFO  [o.n.k.i.DiagnosticsManager]:   RelationshipTypeStore v0.A.0
2014-01-17 02:44:46.214+0000 INFO  [o.n.k.i.DiagnosticsManager]:   PropertyStore v0.A.0
2014-01-17 02:44:46.214+0000 INFO  [o.n.k.i.DiagnosticsManager]:   PropertyIndexStore v0.A.0
2014-01-17 02:44:46.214+0000 INFO  [o.n.k.i.DiagnosticsManager]:   StringPropertyStore v0.A.0
2014-01-17 02:44:46.215+0000 INFO  [o.n.k.i.DiagnosticsManager]:   ArrayPropertyStore v0.A.0
2014-01-17 02:44:46.215+0000 INFO  [o.n.k.i.DiagnosticsManager]: --- STARTED diagnostics for NEO_STORE_VERSIONS END ---
2014-01-17 02:44:46.215+0000 INFO  [o.n.k.i.DiagnosticsManager]: --- STARTED diagnostics for NEO_STORE_ID_USAGE START ---
2014-01-17 02:44:46.215+0000 INFO  [o.n.k.i.DiagnosticsManager]: Id usage:
2014-01-17 02:44:46.215+0000 INFO  [o.n.k.i.DiagnosticsManager]: Id usage:
2014-01-17 02:44:46.215+0000 INFO  [o.n.k.i.DiagnosticsManager]:   NodeStore: used=1 high=0
2014-01-17 02:44:46.216+0000 INFO  [o.n.k.i.DiagnosticsManager]:   RelationshipStore: used=0 high=-1
2014-01-17 02:44:46.216+0000 INFO  [o.n.k.i.DiagnosticsManager]:   RelationshipTypeStore: used=0 high=-1
2014-01-17 02:44:46.217+0000 INFO  [o.n.k.i.DiagnosticsManager]:   PropertyStore: used=0 high=-1
2014-01-17 02:44:46.218+0000 INFO  [o.n.k.i.DiagnosticsManager]:   PropertyIndexStore: used=0 high=-1
2014-01-17 02:44:46.218+0000 INFO  [o.n.k.i.DiagnosticsManager]:   StringPropertyStore: used=1 high=0
2014-01-17 02:44:46.218+0000 INFO  [o.n.k.i.DiagnosticsManager]:   ArrayPropertyStore: used=1 high=0
2014-01-17 02:44:46.218+0000 INFO  [o.n.k.i.DiagnosticsManager]: --- STARTED diagnostics for NEO_STORE_ID_USAGE END ---
2014-01-17 02:44:46.218+0000 INFO  [o.n.k.i.DiagnosticsManager]: --- STARTED diagnostics for PERSISTENCE_WINDOW_POOL_STATS START ---
2014-01-17 02:44:46.218+0000 INFO  [o.n.k.i.DiagnosticsManager]: --- STARTED diagnostics for PERSISTENCE_WINDOW_POOL_STATS END ---
2014-01-17 02:44:46.219+0000 INFO  [o.n.k.i.DiagnosticsManager]: --- STARTED diagnostics for KernelDiagnostics:StoreFiles START ---
2014-01-17 02:44:46.220+0000 INFO  [o.n.k.i.DiagnosticsManager]: Disk space on partition (Total / Free / Free %): 40027750400 / 33617412096 / 83
Storage files: (filename : modification date - size)
2014-01-17 02:44:46.222+0000 INFO  [o.n.k.i.DiagnosticsManager]:   neostore.relationshiptypestore.db.names: 2014-01-16T18:44:45-0800 - 38.00 B
2014-01-17 02:44:46.222+0000 INFO  [o.n.k.i.DiagnosticsManager]:   neostore.relationshiptypestore.db.names.id: 2014-01-16T18:44:45-0800 - 9.00 B
2014-01-17 02:44:46.223+0000 INFO  [o.n.k.i.DiagnosticsManager]:   neostore.propertystore.db.strings: 2014-01-16T18:44:45-0800 - 128.00 B
2014-01-17 02:44:46.223+0000 INFO  [o.n.k.i.DiagnosticsManager]:   neostore.propertystore.db.index.keys.id: 2014-01-16T18:44:45-0800 - 9.00 B
2014-01-17 02:44:46.224+0000 INFO  [o.n.k.i.DiagnosticsManager]:   nioneo_logical.log.1: 2014-01-16T18:44:46-0800 - 16.00 B
2014-01-17 02:44:46.224+0000 INFO  [o.n.k.i.DiagnosticsManager]:   neostore.propertystore.db.id: 2014-01-16T18:44:45-0800 - 9.00 B
2014-01-17 02:44:46.225+0000 INFO  [o.n.k.i.DiagnosticsManager]:   neostore.relationshipstore.db.id: 2014-01-16T18:44:45-0800 - 9.00 B
2014-01-17 02:44:46.225+0000 INFO  [o.n.k.i.DiagnosticsManager]:   neostore: 2014-01-16T18:44:45-0800 - 54.00 B
2014-01-17 02:44:46.226+0000 INFO  [o.n.k.i.DiagnosticsManager]:   neostore.nodestore.db: 2014-01-16T18:44:45-0800 - 9.00 B
2014-01-17 02:44:46.228+0000 INFO  [o.n.k.i.DiagnosticsManager]:   store_lock: 2014-01-16T18:44:45-0800 - 0.00 B
2014-01-17 02:44:46.233+0000 INFO  [o.n.k.i.DiagnosticsManager]:   index:
2014-01-17 02:44:46.234+0000 INFO  [o.n.k.i.DiagnosticsManager]:     lucene-store.db: 2014-01-16T18:44:46-0800 - 40.00 B
2014-01-17 02:44:46.235+0000 INFO  [o.n.k.i.DiagnosticsManager]:     lucene.log.1: 2014-01-16T18:44:46-0800 - 16.00 B
2014-01-17 02:44:46.235+0000 INFO  [o.n.k.i.DiagnosticsManager]:     lucene.log.active: 2014-01-16T18:44:46-0800 - 4.00 B
2014-01-17 02:44:46.239+0000 INFO  [o.n.k.i.DiagnosticsManager]:   - Total: 2014-01-16T18:44:46-0800 - 60.00 B
2014-01-17 02:44:46.240+0000 INFO  [o.n.k.i.DiagnosticsManager]:   neostore.propertystore.db.arrays: 2014-01-16T18:44:45-0800 - 128.00 B
2014-01-17 02:44:46.241+0000 INFO  [o.n.k.i.DiagnosticsManager]:   neostore.propertystore.db: 2014-01-16T18:44:45-0800 - 0.00 B
2014-01-17 02:44:46.242+0000 INFO  [o.n.k.i.DiagnosticsManager]:   tm_tx_log.1: 2014-01-16T18:44:46-0800 - 0.00 B
2014-01-17 02:44:46.242+0000 INFO  [o.n.k.i.DiagnosticsManager]:   neostore.propertystore.db.index.id: 2014-01-16T18:44:45-0800 - 9.00 B
2014-01-17 02:44:46.243+0000 INFO  [o.n.k.i.DiagnosticsManager]:   neostore.propertystore.db.index.keys: 2014-01-16T18:44:45-0800 - 38.00 B
2014-01-17 02:44:46.243+0000 INFO  [o.n.k.i.DiagnosticsManager]:   messages.log: 2014-01-16T18:44:46-0800 - 24.59 kB
2014-01-17 02:44:46.244+0000 INFO  [o.n.k.i.DiagnosticsManager]:   lock: 2014-01-16T18:44:45-0800 - 0.00 B
2014-01-17 02:44:46.244+0000 INFO  [o.n.k.i.DiagnosticsManager]:   neostore.relationshiptypestore.db.id: 2014-01-16T18:44:45-0800 - 9.00 B
2014-01-17 02:44:46.245+0000 INFO  [o.n.k.i.DiagnosticsManager]:   neostore.propertystore.db.arrays.id: 2014-01-16T18:44:45-0800 - 9.00 B
2014-01-17 02:44:46.245+0000 INFO  [o.n.k.i.DiagnosticsManager]:   neostore.relationshipstore.db: 2014-01-16T18:44:45-0800 - 0.00 B
2014-01-17 02:44:46.246+0000 INFO  [o.n.k.i.DiagnosticsManager]:   neostore.relationshiptypestore.db: 2014-01-16T18:44:45-0800 - 0.00 B
2014-01-17 02:44:46.246+0000 INFO  [o.n.k.i.DiagnosticsManager]:   neostore.nodestore.db.id: 2014-01-16T18:44:45-0800 - 9.00 B
2014-01-17 02:44:46.247+0000 INFO  [o.n.k.i.DiagnosticsManager]:   nioneo_logical.log.active: 2014-01-16T18:44:46-0800 - 4.00 B
2014-01-17 02:44:46.248+0000 INFO  [o.n.k.i.DiagnosticsManager]:   active_tx_log: 2014-01-16T18:44:46-0800 - 11.00 B
2014-01-17 02:44:46.248+0000 INFO  [o.n.k.i.DiagnosticsManager]:   neostore.propertystore.db.index: 2014-01-16T18:44:45-0800 - 0.00 B
2014-01-17 02:44:46.249+0000 INFO  [o.n.k.i.DiagnosticsManager]:   neostore.propertystore.db.strings.id: 2014-01-16T18:44:45-0800 - 9.00 B
2014-01-17 02:44:46.250+0000 INFO  [o.n.k.i.DiagnosticsManager]:   neostore.id: 2014-01-16T18:44:45-0800 - 9.00 B
2014-01-17 02:44:46.250+0000 INFO  [o.n.k.i.DiagnosticsManager]: --- STARTED diagnostics for KernelDiagnostics:StoreFiles END ---
2014-01-17 02:44:46.256+0000 INFO  [o.n.k.EmbeddedGraphDatabase]: Started - database is now available
2014-01-17 02:44:46.261+0000 INFO  [o.n.k.EmbeddedGraphDatabase]: GC Monitor started. 
2014-01-17 02:44:55.490+0000 INFO  [o.n.k.EmbeddedGraphDatabase]: Shutdown started
2014-01-17 02:44:55.490+0000 INFO  [o.n.k.EmbeddedGraphDatabase]: Stopping - database is now unavailable
2014-01-17 02:44:55.490+0000 INFO  [o.n.k.EmbeddedGraphDatabase]: GC Monitor stopped. 
2014-01-17 02:44:55.601+0000 INFO  [o.n.k.i.t.x.XaLogicalLog]: Closed log accessingdataneo4j.db/index/lucene.log
2014-01-17 02:44:55.648+0000 INFO  [o.n.k.i.t.TxManager]: TM shutting down
2014-01-17 02:44:55.672+0000 INFO  [o.n.k.i.t.x.XaLogicalLog]: Closed log accessingdataneo4j.db/nioneo_logical.log
2014-01-17 02:44:55.686+0000 INFO  [o.n.k.i.n.s.StoreFactory]: accessingdataneo4j.db/neostore.relationshiptypestore.db.names hit=0 miss=1 switches=0 ooe=0
2014-01-17 02:44:55.693+0000 INFO  [o.n.k.i.n.s.StoreFactory]: accessingdataneo4j.db/neostore.relationshiptypestore.db hit=0 miss=1 switches=0 ooe=0
2014-01-17 02:44:55.699+0000 INFO  [o.n.k.i.n.s.StoreFactory]: accessingdataneo4j.db/neostore.propertystore.db.strings hit=0 miss=0 switches=0 ooe=0
2014-01-17 02:44:55.728+0000 INFO  [o.n.k.i.n.s.StoreFactory]: accessingdataneo4j.db/neostore.propertystore.db.index.keys hit=0 miss=2 switches=0 ooe=0
2014-01-17 02:44:55.733+0000 INFO  [o.n.k.i.n.s.StoreFactory]: accessingdataneo4j.db/neostore.propertystore.db.index hit=0 miss=2 switches=0 ooe=0
2014-01-17 02:44:55.738+0000 INFO  [o.n.k.i.n.s.StoreFactory]: accessingdataneo4j.db/neostore.propertystore.db.arrays hit=0 miss=0 switches=0 ooe=0
2014-01-17 02:44:55.762+0000 INFO  [o.n.k.i.n.s.StoreFactory]: accessingdataneo4j.db/neostore.propertystore.db hit=6 miss=0 switches=0 ooe=0
2014-01-17 02:44:55.767+0000 INFO  [o.n.k.i.n.s.StoreFactory]: accessingdataneo4j.db/neostore.relationshipstore.db hit=3 miss=0 switches=0 ooe=0
2014-01-17 02:44:55.784+0000 INFO  [o.n.k.i.n.s.StoreFactory]: accessingdataneo4j.db/neostore.nodestore.db hit=5 miss=0 switches=0 ooe=0
2014-01-17 02:44:55.790+0000 INFO  [o.n.k.i.n.s.StoreFactory]: accessingdataneo4j.db/neostore hit=0 miss=18 switches=0 ooe=0
2014-01-17 02:44:55.795+0000 INFO  [o.n.k.i.n.x.NeoStoreXaDataSource]: NeoStore closed
2014-01-17 02:44:55.796+0000 INFO  [o.n.k.i.DiagnosticsManager]: --- STOPPING diagnostics START ---
2014-01-17 02:44:55.797+0000 INFO  [o.n.k.i.DiagnosticsManager]: --- STOPPING diagnostics END ---
